
Showing logs for build [32mcb-kubecd-bdd-ghfjxy-1568384758-pzt48-1[0m stage [32mmeta-pipeline[0m and container [32mstep-credential-initializer-928k7[0m
{"level":"warn","ts":1568385692.1581764,"logger":"fallback-logger","caller":"logging/config.go:69","msg":"Fetch GitHub commit ID from kodata failed: \"ref: refs/heads/master\" is not a valid GitHub commit ID"}
{"level":"info","ts":1568385692.158969,"logger":"fallback-logger","caller":"creds-init/main.go:40","msg":"Credentials initialized."}

Showing logs for build [32mcb-kubecd-bdd-ghfjxy-1568384758-pzt48-1[0m stage [32mmeta-pipeline[0m and container [32mstep-working-dir-initializer-mjssp[0m
{"level":"warn","ts":1568385693.1307676,"logger":"fallback-logger","caller":"logging/config.go:69","msg":"Fetch GitHub commit ID from kodata failed: open /var/run/ko/HEAD: no such file or directory"}
{"level":"info","ts":1568385693.1326172,"logger":"fallback-logger","caller":"bash/main.go:65","msg":"Successfully executed command \"mkdir -p /workspace/source\""}

Showing logs for build [32mcb-kubecd-bdd-ghfjxy-1568384758-pzt48-1[0m stage [32mmeta-pipeline[0m and container [32mstep-place-tools[0m

Showing logs for build [32mcb-kubecd-bdd-ghfjxy-1568384758-pzt48-1[0m stage [32mmeta-pipeline[0m and container [32mstep-git-source-meta-cb-kubecd-bdd-ghfjxy-15683-7g9mr[0m
{"level":"warn","ts":1568385699.2802289,"logger":"fallback-logger","caller":"logging/config.go:69","msg":"Fetch GitHub commit ID from kodata failed: \"ref: refs/heads/master\" is not a valid GitHub commit ID"}
{"level":"info","ts":1568385700.4245288,"logger":"fallback-logger","caller":"git/git.go:102","msg":"Successfully cloned https://github.com/cb-kubecd/bdd-ghf**y-1568384758.git @ 39126563e76dfd22415fd079a152f726e70a9c55 in path /workspace/source"}

Showing logs for build [32mcb-kubecd-bdd-ghfjxy-1568384758-pzt48-1[0m stage [32mmeta-pipeline[0m and container [32mstep-git-merge[0m
Using SHAs from PULL_REFS=master:39126563e76dfd22415fd079a152f726e70a9c55,1:6cb424d5f3fbfe49232fc5adc707956d906257c0
DEBUG: ran git fetch --unshallow origin 6cb424d5f3fbfe49232fc5adc707956d906257c0: 39126563e76dfd22415fd079a152f726e70a9c55: in 
DEBUG: ran git checkout master in 
DEBUG: ran git reset --hard 39126563e76dfd22415fd079a152f726e70a9c55 in 
DEBUG: ran clean --force -d . in 
DEBUG: ran git merge 6cb424d5f3fbfe49232fc5adc707956d906257c0 in 
Merged SHA 6cb424d5f3fbfe49232fc5adc707956d906257c0 with commit message 'My first PR commit' into base branch master

Showing logs for build [32mcb-kubecd-bdd-ghfjxy-1568384758-pzt48-1[0m stage [32mmeta-pipeline[0m and container [32mstep-merge-pull-refs[0m
DEBUG: ran git fetch origin 6cb424d5f3fbfe49232fc5adc707956d906257c0: 39126563e76dfd22415fd079a152f726e70a9c55: in 
DEBUG: Unshallowed git repo in 
DEBUG: ran git checkout master in 
DEBUG: ran git reset --hard 39126563e76dfd22415fd079a152f726e70a9c55 in 
DEBUG: ran clean --force -d . in 
DEBUG: ran git merge 6cb424d5f3fbfe49232fc5adc707956d906257c0 in 
Merged SHA 6cb424d5f3fbfe49232fc5adc707956d906257c0 with commit message 'My first PR commit' into base branch master

Showing logs for build [32mcb-kubecd-bdd-ghfjxy-1568384758-pzt48-1[0m stage [32mmeta-pipeline[0m and container [32mstep-create-effective-pipeline[0m
Deleting and cloning the Jenkins X versions repo
Cloning the Jenkins X versions repo https://github.com/jenkins-x/jenkins-x-versions.git with ref refs/heads/master to /builder/home/.**/jenkins-x-versions
performing pack detection in folder /workspace/source
--> Draft detected YAML (67.752116%)
--> Could not find a pack for YAML. Trying to find the next likely language match...
--> Draft detected RPM Spec (14.854397%)
--> Could not find a pack for RPM Spec. Trying to find the next likely language match...
--> Draft detected Coq (6.799598%)
--> Could not find a pack for Coq. Trying to find the next likely language match...
--> Draft detected Smarty (3.701047%)
--> Could not find a pack for Smarty. Trying to find the next likely language match...
--> Draft detected Go (2.904892%)
selected pack: /builder/home/.**/draft/packs/github.com/jenkins-x-buildpacks/jenkins-x-kubernetes/packs/go
Effective pipeline written to jenkins-x-serverless-jenkins-effective.yml

Showing logs for build [32mcb-kubecd-bdd-ghfjxy-1568384758-pzt48-1[0m stage [32mmeta-pipeline[0m and container [32mstep-create-tekton-crds[0m
PipelineActivity for cb-kubecd-bdd-ghf**y-1568384758-PR-1-1
Applying changes 
upserted PipelineResource cb-kubecd-bdd-ghf**y-1568384758 for the git repository https://github.com/cb-kubecd/bdd-ghf**y-1568384758.git
upserted Task cb-kubecd-bdd-ghf**y-1568384758-pzt48-run-make-1
upserted Task cb-kubecd-bdd-ghf**y-1568384758-pzt48-everything-else-1
upserted Pipeline cb-kubecd-bdd-ghf**y-1568384758-pzt48-1
created PipelineRun cb-kubecd-bdd-ghf**y-1568384758-pzt48-1
created PipelineStructure cb-kubecd-bdd-ghf**y-1568384758-pzt48-1

Showing logs for build [32mcb-kubecd-bdd-ghfjxy-1568384758-pzt48-1[0m stage [32mrun-make[0m and container [32mstep-credential-initializer-gslvd[0m
{"level":"warn","ts":1568385726.6909144,"logger":"fallback-logger","caller":"logging/config.go:69","msg":"Fetch GitHub commit ID from kodata failed: \"ref: refs/heads/master\" is not a valid GitHub commit ID"}
{"level":"info","ts":1568385726.7017395,"logger":"fallback-logger","caller":"creds-init/main.go:40","msg":"Credentials initialized."}

Showing logs for build [32mcb-kubecd-bdd-ghfjxy-1568384758-pzt48-1[0m stage [32mrun-make[0m and container [32mstep-working-dir-initializer-75m4d[0m
{"level":"warn","ts":1568385728.3585868,"logger":"fallback-logger","caller":"logging/config.go:69","msg":"Fetch GitHub commit ID from kodata failed: open /var/run/ko/HEAD: no such file or directory"}
{"level":"info","ts":1568385728.4491534,"logger":"fallback-logger","caller":"bash/main.go:65","msg":"Successfully executed command \"mkdir -p /workspace/source\""}

Showing logs for build [32mcb-kubecd-bdd-ghfjxy-1568384758-pzt48-1[0m stage [32mrun-make[0m and container [32mstep-place-tools[0m

Showing logs for build [32mcb-kubecd-bdd-ghfjxy-1568384758-pzt48-1[0m stage [32mrun-make[0m and container [32mstep-git-source-cb-kubecd-bdd-ghfjxy-1568384758-cm4zs[0m
{"level":"warn","ts":1568385733.9646354,"logger":"fallback-logger","caller":"logging/config.go:69","msg":"Fetch GitHub commit ID from kodata failed: \"ref: refs/heads/master\" is not a valid GitHub commit ID"}
{"level":"info","ts":1568385735.001113,"logger":"fallback-logger","caller":"git/git.go:102","msg":"Successfully cloned https://github.com/cb-kubecd/bdd-ghf**y-1568384758.git @ master in path /workspace/source"}

Showing logs for build [32mcb-kubecd-bdd-ghfjxy-1568384758-pzt48-1[0m stage [32mrun-make[0m and container [32mstep-git-merge[0m
Using SHAs from PULL_REFS=master:39126563e76dfd22415fd079a152f726e70a9c55,1:6cb424d5f3fbfe49232fc5adc707956d906257c0
DEBUG: ran git fetch --unshallow origin 6cb424d5f3fbfe49232fc5adc707956d906257c0: 39126563e76dfd22415fd079a152f726e70a9c55: in 
DEBUG: ran git checkout master in 
DEBUG: ran git reset --hard 39126563e76dfd22415fd079a152f726e70a9c55 in 
DEBUG: ran clean --force -d . in 
DEBUG: ran git merge 6cb424d5f3fbfe49232fc5adc707956d906257c0 in 
Merged SHA 6cb424d5f3fbfe49232fc5adc707956d906257c0 with commit message 'My first PR commit' into base branch master

Showing logs for build [32mcb-kubecd-bdd-ghfjxy-1568384758-pzt48-1[0m stage [32mrun-make[0m and container [32mstep-build-make-linux[0m
CGO_ENABLED=0 GOOS=linux GOARCH=amd64 GO15VENDOREXPERIMENT=1 go build -ldflags '' -o bin/bdd-ghf**y-1568384758 main.go

Showing logs for build [32mcb-kubecd-bdd-ghfjxy-1568384758-pzt48-1[0m stage [32mrun-make[0m and container [32mstep-source-mkdir-cb-kubecd-bdd-ghfjxy-1568384758-4m5wb[0m
{"level":"warn","ts":1568385747.2801654,"logger":"fallback-logger","caller":"logging/config.go:69","msg":"Fetch GitHub commit ID from kodata failed: open /var/run/ko/HEAD: no such file or directory"}
{"level":"info","ts":1568385747.2839873,"logger":"fallback-logger","caller":"bash/main.go:65","msg":"Successfully executed command \"mkdir -p /pvc/run-make/workspace\""}

Showing logs for build [32mcb-kubecd-bdd-ghfjxy-1568384758-pzt48-1[0m stage [32mrun-make[0m and container [32mstep-source-copy-cb-kubecd-bdd-ghfjxy-1568384758-xjb7t[0m
{"level":"warn","ts":1568385747.4620943,"logger":"fallback-logger","caller":"logging/config.go:69","msg":"Fetch GitHub commit ID from kodata failed: open /var/run/ko/HEAD: no such file or directory"}
{"level":"info","ts":1568385747.4792166,"logger":"fallback-logger","caller":"bash/main.go:65","msg":"Successfully executed command \"cp -r /workspace/source/. /pvc/run-make/workspace\""}

Showing logs for build [32mcb-kubecd-bdd-ghfjxy-1568384758-pzt48-1[0m stage [32meverything-else[0m and container [32mstep-credential-initializer-qjxtn[0m
{"level":"warn","ts":1568385783.2701848,"logger":"fallback-logger","caller":"logging/config.go:69","msg":"Fetch GitHub commit ID from kodata failed: \"ref: refs/heads/master\" is not a valid GitHub commit ID"}
{"level":"info","ts":1568385783.270785,"logger":"fallback-logger","caller":"creds-init/main.go:40","msg":"Credentials initialized."}

Showing logs for build [32mcb-kubecd-bdd-ghfjxy-1568384758-pzt48-1[0m stage [32meverything-else[0m and container [32mstep-working-dir-initializer-8rcgw[0m
{"level":"warn","ts":1568385784.6650167,"logger":"fallback-logger","caller":"logging/config.go:69","msg":"Fetch GitHub commit ID from kodata failed: open /var/run/ko/HEAD: no such file or directory"}
{"level":"info","ts":1568385784.6707394,"logger":"fallback-logger","caller":"bash/main.go:65","msg":"Successfully executed command \"mkdir -p /workspace/source /workspace/source/charts/preview\""}

Showing logs for build [32mcb-kubecd-bdd-ghfjxy-1568384758-pzt48-1[0m stage [32meverything-else[0m and container [32mstep-place-tools[0m

Showing logs for build [32mcb-kubecd-bdd-ghfjxy-1568384758-pzt48-1[0m stage [32meverything-else[0m and container [32mstep-create-dir-workspace-7rvbb[0m
{"level":"warn","ts":1568385791.8163612,"logger":"fallback-logger","caller":"logging/config.go:69","msg":"Fetch GitHub commit ID from kodata failed: open /var/run/ko/HEAD: no such file or directory"}
{"level":"info","ts":1568385791.8221862,"logger":"fallback-logger","caller":"bash/main.go:65","msg":"Successfully executed command \"mkdir -p /workspace/source\""}

Showing logs for build [32mcb-kubecd-bdd-ghfjxy-1568384758-pzt48-1[0m stage [32meverything-else[0m and container [32mstep-source-copy-workspace-ptrg4[0m
{"level":"warn","ts":1568385792.197373,"logger":"fallback-logger","caller":"logging/config.go:69","msg":"Fetch GitHub commit ID from kodata failed: open /var/run/ko/HEAD: no such file or directory"}
{"level":"info","ts":1568385792.6188736,"logger":"fallback-logger","caller":"bash/main.go:65","msg":"Successfully executed command \"cp -r /pvc/run-make/workspace/. /workspace/source\""}

Showing logs for build [32mcb-kubecd-bdd-ghfjxy-1568384758-pzt48-1[0m stage [32meverything-else[0m and container [32mstep-build-container-build[0m
[36mINFO[0m[0000] No base image, nothing to extract            
[36mINFO[0m[0000] cmd: EXPOSE                                  
[36mINFO[0m[0000] Adding exposed port: 8080/tcp                
[36mINFO[0m[0000] Using files from context: [/workspace/source/bin] 
[36mINFO[0m[0000] Skipping unpacking as no commands require it. 
[36mINFO[0m[0000] Taking snapshot of full filesystem...        
[36mINFO[0m[0000] EXPOSE 8080                                  
[36mINFO[0m[0000] cmd: EXPOSE                                  
[36mINFO[0m[0000] Adding exposed port: 8080/tcp                
[36mINFO[0m[0000] No files changed in this command, skipping snapshotting. 
[36mINFO[0m[0000] ENTRYPOINT ["/bdd-ghf**y-1568384758"]        
[36mINFO[0m[0000] No files changed in this command, skipping snapshotting. 
[36mINFO[0m[0000] Using files from context: [/workspace/source/bin] 
[36mINFO[0m[0000] COPY ./bin/ /                                
[36mINFO[0m[0000] Taking snapshot of files...                  
2019/09/13 14:43:17 pushed blob: sha256:ed13897d3c37cf641efcc0364245b9ee920ad6edf3a31f571ba1a98e2918c1cc
2019/09/13 14:43:17 pushed blob: sha256:39c8510ee5d9679c0342990aa08426e7d4d071d5b9bddbb5b04099e2f82fee51
2019/09/13 14:43:18 gcr.io/jenkins-x-bdd3/bdd-ghf**y-1568384758:0.0.0-SNAPSHOT-PR-1-1: digest: sha256:d2fd5553b3bf171ffd51509f4622231786d9c35314ebf8a4b0d60c50036a1e80 size: 428

Showing logs for build [32mcb-kubecd-bdd-ghfjxy-1568384758-pzt48-1[0m stage [32meverything-else[0m and container [32mstep-postbuild-post-build[0m
no CVE provider running in the current ** namespace so skip adding image to be analysed

Showing logs for build [32mcb-kubecd-bdd-ghfjxy-1568384758-pzt48-1[0m stage [32meverything-else[0m and container [32mstep-promote-make-preview[0m
sed -i -e "s/version:.*/version: 0.0.0-SNAPSHOT-PR-1-1/" Chart.yaml
sed -i -e "s/version:.*/version: 0.0.0-SNAPSHOT-PR-1-1/" ../*/Chart.yaml
sed -i -e "s|repository:.*|repository: gcr.io\/jenkins-x-bdd3\/bdd-ghf**y-1568384758|" values.yaml
sed -i -e "s/tag:.*/tag: 0.0.0-SNAPSHOT-PR-1-1/" values.yaml
echo "  version: 0.0.0-SNAPSHOT-PR-1-1" >> requirements.yaml
** step helm build
WARNING: No $CHART_REPOSITORY defined so using the default value of: http://jenkins-x-chartmuseum:8080
Adding missing Helm repo: storage.googleapis.com https://storage.googleapis.com/chartmuseum.jenkins-x.io
Successfully added Helm repository storage.googleapis.com.
Adding missing Helm repo: jenkins-x-chartmuseum http://jenkins-x-chartmuseum:8080
Successfully added Helm repository jenkins-x-chartmuseum.
WARNING: No $CHART_REPOSITORY defined so using the default value of: http://jenkins-x-chartmuseum:8080
Adding missing Helm repo: chartmuseum.jenkins-x.io http://chartmuseum.jenkins-x.io
Successfully added Helm repository chartmuseum.jenkins-x.io.

Showing logs for build [32mcb-kubecd-bdd-ghfjxy-1568384758-pzt48-1[0m stage [32meverything-else[0m and container [32mstep-promote-jx-preview[0m
Creating a preview
WARNING: No author for commit: 6cb424d5f3fbfe49232fc5adc707956d906257c0
Created environment cb-kubecd-bdd-ghf**y-1568384758-pr-1
Namespace **-cb-kubecd-bdd-ghf**y-1568384758-pr-1 created 
expose:
  Annotations:
    helm.sh/hook: post-install,post-upgrade
    helm.sh/hook-delete-policy: hook-succeeded
  config:
    domain: 34.77.43.233.nip.io
    exposer: Ingress
    http: "true"
preview:
  image:
    repository: gcr.io/jenkins-x-bdd3/bdd-ghf**y-1568384758
    tag: 0.0.0-SNAPSHOT-PR-1-1
Deleting and cloning the Jenkins X versions repo
Cloning the Jenkins X versions repo https://github.com/jenkins-x/jenkins-x-versions.git with ref refs/heads/master to /builder/home/.**/jenkins-x-versions


Updating PipelineActivities cb-kubecd-bdd-ghf**y-1568384758-pr-1-1 which has status Running
WARNING: preview application http://bdd-ghf**y-1568384758.**-cb-kubecd-bdd-ghf**y-1568384758-pr-1.34.77.43.233.nip.io not available, error was 503 503 Service Temporarily Unavailable, delaying for: 1.252573036s
WARNING: preview application http://bdd-ghf**y-1568384758.**-cb-kubecd-bdd-ghf**y-1568384758-pr-1.34.77.43.233.nip.io not available, error was 503 503 Service Temporarily Unavailable, delaying for: 1.795078749s
Preview application is now available at: http://bdd-ghf**y-1568384758.**-cb-kubecd-bdd-ghf**y-1568384758-pr-1.34.77.43.233.nip.io
